lets begin! 2019-03-07 13:47:25
now file is /Users/lulu/Documents/bigsat/bigsat/minisat/data/sat/1.cnf

start searching...
 
decisionLevel: 0
after propa...

decisionLevel: 0


start searching...
 -0 : 1 ,
decisionLevel: 1
after propa...
-0 : 1 ,
decisionLevel: 1


start searching...
 -0 : 1 ,-46 : 2 ,
decisionLevel: 2
after propa...
-0 : 1 ,-46 : 2 ,
decisionLevel: 2


start searching...
 -0 : 1 ,-46 : 2 ,-45 : 3 ,
decisionLevel: 3
after propa...
-0 : 1 ,-46 : 2 ,-45 : 3 ,
decisionLevel: 3


start searching...
 -0 : 1 ,-46 : 2 ,-45 : 3 ,-44 : 4 ,
decisionLevel: 4
after propa...
-0 : 1 ,-46 : 2 ,-45 : 3 ,-44 : 4 ,
decisionLevel: 4


start searching...
 -0 : 1 ,-46 : 2 ,-45 : 3 ,-44 : 4 ,-43 : 5 ,
decisionLevel: 5
after propa...
-0 : 1 ,-46 : 2 ,-45 : 3 ,-44 : 4 ,-43 : 5 ,
decisionLevel: 5


start searching...
 -0 : 1 ,-46 : 2 ,-45 : 3 ,-44 : 4 ,-43 : 5 ,-42 : 6 ,
decisionLevel: 6
after propa...
-0 : 1 ,-46 : 2 ,-45 : 3 ,-44 : 4 ,-43 : 5 ,-42 : 6 ,
decisionLevel: 6


start searching...
 -0 : 1 ,-46 : 2 ,-45 : 3 ,-44 : 4 ,-43 : 5 ,-42 : 6 ,-41 : 7 ,
decisionLevel: 7
after propa...
-0 : 1 ,-46 : 2 ,-45 : 3 ,-44 : 4 ,-43 : 5 ,-42 : 6 ,-41 : 7 ,
decisionLevel: 7


start searching...
 -0 : 1 ,-46 : 2 ,-45 : 3 ,-44 : 4 ,-43 : 5 ,-42 : 6 ,-41 : 7 ,-40 : 8 ,
decisionLevel: 8
after propa...
-0 : 1 ,-46 : 2 ,-45 : 3 ,-44 : 4 ,-43 : 5 ,-42 : 6 ,-41 : 7 ,-40 : 8 ,
decisionLevel: 8


start searching...
 -0 : 1 ,-46 : 2 ,-45 : 3 ,-44 : 4 ,-43 : 5 ,-42 : 6 ,-41 : 7 ,-40 : 8 ,-39 : 9 ,
decisionLevel: 9
after propa...
-0 : 1 ,-46 : 2 ,-45 : 3 ,-44 : 4 ,-43 : 5 ,-42 : 6 ,-41 : 7 ,-40 : 8 ,-39 : 9 ,
decisionLevel: 9


start searching...
 -0 : 1 ,-46 : 2 ,-45 : 3 ,-44 : 4 ,-43 : 5 ,-42 : 6 ,-41 : 7 ,-40 : 8 ,-39 : 9 ,-38 : 10 ,
decisionLevel: 10
after propa...
-0 : 1 ,-46 : 2 ,-45 : 3 ,-44 : 4 ,-43 : 5 ,-42 : 6 ,-41 : 7 ,-40 : 8 ,-39 : 9 ,-38 : 10 ,
decisionLevel: 10


start searching...
 -0 : 1 ,-46 : 2 ,-45 : 3 ,-44 : 4 ,-43 : 5 ,-42 : 6 ,-41 : 7 ,-40 : 8 ,-39 : 9 ,-38 : 10 ,-37 : 11 ,
decisionLevel: 11
after propa...
-0 : 1 ,-46 : 2 ,-45 : 3 ,-44 : 4 ,-43 : 5 ,-42 : 6 ,-41 : 7 ,-40 : 8 ,-39 : 9 ,-38 : 10 ,-37 : 11 ,+30 : 11 ,
decisionLevel: 11


start searching...
 -0 : 1 ,-46 : 2 ,-45 : 3 ,-44 : 4 ,-43 : 5 ,-42 : 6 ,-41 : 7 ,-40 : 8 ,-39 : 9 ,-38 : 10 ,-37 : 11 ,+30 : 11 ,-36 : 12 ,
decisionLevel: 12
after propa...
-0 : 1 ,-46 : 2 ,-45 : 3 ,-44 : 4 ,-43 : 5 ,-42 : 6 ,-41 : 7 ,-40 : 8 ,-39 : 9 ,-38 : 10 ,-37 : 11 ,+30 : 11 ,-36 : 12 ,
decisionLevel: 12


start searching...
 -0 : 1 ,-46 : 2 ,-45 : 3 ,-44 : 4 ,-43 : 5 ,-42 : 6 ,-41 : 7 ,-40 : 8 ,-39 : 9 ,-38 : 10 ,-37 : 11 ,+30 : 11 ,-36 : 12 ,-35 : 13 ,
decisionLevel: 13
after propa...
-0 : 1 ,-46 : 2 ,-45 : 3 ,-44 : 4 ,-43 : 5 ,-42 : 6 ,-41 : 7 ,-40 : 8 ,-39 : 9 ,-38 : 10 ,-37 : 11 ,+30 : 11 ,-36 : 12 ,-35 : 13 ,
decisionLevel: 13


start searching...
 -0 : 1 ,-46 : 2 ,-45 : 3 ,-44 : 4 ,-43 : 5 ,-42 : 6 ,-41 : 7 ,-40 : 8 ,-39 : 9 ,-38 : 10 ,-37 : 11 ,+30 : 11 ,-36 : 12 ,-35 : 13 ,-34 : 14 ,
decisionLevel: 14
after propa...
-0 : 1 ,-46 : 2 ,-45 : 3 ,-44 : 4 ,-43 : 5 ,-42 : 6 ,-41 : 7 ,-40 : 8 ,-39 : 9 ,-38 : 10 ,-37 : 11 ,+30 : 11 ,-36 : 12 ,-35 : 13 ,-34 : 14 ,
decisionLevel: 14


start searching...
 -0 : 1 ,-46 : 2 ,-45 : 3 ,-44 : 4 ,-43 : 5 ,-42 : 6 ,-41 : 7 ,-40 : 8 ,-39 : 9 ,-38 : 10 ,-37 : 11 ,+30 : 11 ,-36 : 12 ,-35 : 13 ,-34 : 14 ,-33 : 15 ,
decisionLevel: 15
after propa...
-0 : 1 ,-46 : 2 ,-45 : 3 ,-44 : 4 ,-43 : 5 ,-42 : 6 ,-41 : 7 ,-40 : 8 ,-39 : 9 ,-38 : 10 ,-37 : 11 ,+30 : 11 ,-36 : 12 ,-35 : 13 ,-34 : 14 ,-33 : 15 ,
decisionLevel: 15


start searching...
 -0 : 1 ,-46 : 2 ,-45 : 3 ,-44 : 4 ,-43 : 5 ,-42 : 6 ,-41 : 7 ,-40 : 8 ,-39 : 9 ,-38 : 10 ,-37 : 11 ,+30 : 11 ,-36 : 12 ,-35 : 13 ,-34 : 14 ,-33 : 15 ,-32 : 16 ,
decisionLevel: 16
after propa...
-0 : 1 ,-46 : 2 ,-45 : 3 ,-44 : 4 ,-43 : 5 ,-42 : 6 ,-41 : 7 ,-40 : 8 ,-39 : 9 ,-38 : 10 ,-37 : 11 ,+30 : 11 ,-36 : 12 ,-35 : 13 ,-34 : 14 ,-33 : 15 ,-32 : 16 ,
decisionLevel: 16


start searching...
 -0 : 1 ,-46 : 2 ,-45 : 3 ,-44 : 4 ,-43 : 5 ,-42 : 6 ,-41 : 7 ,-40 : 8 ,-39 : 9 ,-38 : 10 ,-37 : 11 ,+30 : 11 ,-36 : 12 ,-35 : 13 ,-34 : 14 ,-33 : 15 ,-32 : 16 ,-31 : 17 ,
decisionLevel: 17
after propa...
-0 : 1 ,-46 : 2 ,-45 : 3 ,-44 : 4 ,-43 : 5 ,-42 : 6 ,-41 : 7 ,-40 : 8 ,-39 : 9 ,-38 : 10 ,-37 : 11 ,+30 : 11 ,-36 : 12 ,-35 : 13 ,-34 : 14 ,-33 : 15 ,-32 : 16 ,-31 : 17 ,
decisionLevel: 17


start searching...
 -0 : 1 ,-46 : 2 ,-45 : 3 ,-44 : 4 ,-43 : 5 ,-42 : 6 ,-41 : 7 ,-40 : 8 ,-39 : 9 ,-38 : 10 ,-37 : 11 ,+30 : 11 ,-36 : 12 ,-35 : 13 ,-34 : 14 ,-33 : 15 ,-32 : 16 ,-31 : 17 ,-29 : 18 ,
decisionLevel: 18
after propa...
-0 : 1 ,-46 : 2 ,-45 : 3 ,-44 : 4 ,-43 : 5 ,-42 : 6 ,-41 : 7 ,-40 : 8 ,-39 : 9 ,-38 : 10 ,-37 : 11 ,+30 : 11 ,-36 : 12 ,-35 : 13 ,-34 : 14 ,-33 : 15 ,-32 : 16 ,-31 : 17 ,-29 : 18 ,
decisionLevel: 18


start searching...
 -0 : 1 ,-46 : 2 ,-45 : 3 ,-44 : 4 ,-43 : 5 ,-42 : 6 ,-41 : 7 ,-40 : 8 ,-39 : 9 ,-38 : 10 ,-37 : 11 ,+30 : 11 ,-36 : 12 ,-35 : 13 ,-34 : 14 ,-33 : 15 ,-32 : 16 ,-31 : 17 ,-29 : 18 ,-28 : 19 ,
decisionLevel: 19
after propa...
-0 : 1 ,-46 : 2 ,-45 : 3 ,-44 : 4 ,-43 : 5 ,-42 : 6 ,-41 : 7 ,-40 : 8 ,-39 : 9 ,-38 : 10 ,-37 : 11 ,+30 : 11 ,-36 : 12 ,-35 : 13 ,-34 : 14 ,-33 : 15 ,-32 : 16 ,-31 : 17 ,-29 : 18 ,-28 : 19 ,
decisionLevel: 19


start searching...
 -0 : 1 ,-46 : 2 ,-45 : 3 ,-44 : 4 ,-43 : 5 ,-42 : 6 ,-41 : 7 ,-40 : 8 ,-39 : 9 ,-38 : 10 ,-37 : 11 ,+30 : 11 ,-36 : 12 ,-35 : 13 ,-34 : 14 ,-33 : 15 ,-32 : 16 ,-31 : 17 ,-29 : 18 ,-28 : 19 ,-27 : 20 ,
decisionLevel: 20
after propa...
-0 : 1 ,-46 : 2 ,-45 : 3 ,-44 : 4 ,-43 : 5 ,-42 : 6 ,-41 : 7 ,-40 : 8 ,-39 : 9 ,-38 : 10 ,-37 : 11 ,+30 : 11 ,-36 : 12 ,-35 : 13 ,-34 : 14 ,-33 : 15 ,-32 : 16 ,-31 : 17 ,-29 : 18 ,-28 : 19 ,-27 : 20 ,
decisionLevel: 20


start searching...
 -0 : 1 ,-46 : 2 ,-45 : 3 ,-44 : 4 ,-43 : 5 ,-42 : 6 ,-41 : 7 ,-40 : 8 ,-39 : 9 ,-38 : 10 ,-37 : 11 ,+30 : 11 ,-36 : 12 ,-35 : 13 ,-34 : 14 ,-33 : 15 ,-32 : 16 ,-31 : 17 ,-29 : 18 ,-28 : 19 ,-27 : 20 ,-26 : 21 ,
decisionLevel: 21
after propa...
-0 : 1 ,-46 : 2 ,-45 : 3 ,-44 : 4 ,-43 : 5 ,-42 : 6 ,-41 : 7 ,-40 : 8 ,-39 : 9 ,-38 : 10 ,-37 : 11 ,+30 : 11 ,-36 : 12 ,-35 : 13 ,-34 : 14 ,-33 : 15 ,-32 : 16 ,-31 : 17 ,-29 : 18 ,-28 : 19 ,-27 : 20 ,-26 : 21 ,+11 : 21 ,
decisionLevel: 21


start searching...
 -0 : 1 ,-46 : 2 ,-45 : 3 ,-44 : 4 ,-43 : 5 ,-42 : 6 ,-41 : 7 ,-40 : 8 ,-39 : 9 ,-38 : 10 ,-37 : 11 ,+30 : 11 ,-36 : 12 ,-35 : 13 ,-34 : 14 ,-33 : 15 ,-32 : 16 ,-31 : 17 ,-29 : 18 ,-28 : 19 ,-27 : 20 ,-26 : 21 ,+11 : 21 ,-25 : 22 ,
decisionLevel: 22
after propa...
-0 : 1 ,-46 : 2 ,-45 : 3 ,-44 : 4 ,-43 : 5 ,-42 : 6 ,-41 : 7 ,-40 : 8 ,-39 : 9 ,-38 : 10 ,-37 : 11 ,+30 : 11 ,-36 : 12 ,-35 : 13 ,-34 : 14 ,-33 : 15 ,-32 : 16 ,-31 : 17 ,-29 : 18 ,-28 : 19 ,-27 : 20 ,-26 : 21 ,+11 : 21 ,-25 : 22 ,
decisionLevel: 22


start searching...
 -0 : 1 ,-46 : 2 ,-45 : 3 ,-44 : 4 ,-43 : 5 ,-42 : 6 ,-41 : 7 ,-40 : 8 ,-39 : 9 ,-38 : 10 ,-37 : 11 ,+30 : 11 ,-36 : 12 ,-35 : 13 ,-34 : 14 ,-33 : 15 ,-32 : 16 ,-31 : 17 ,-29 : 18 ,-28 : 19 ,-27 : 20 ,-26 : 21 ,+11 : 21 ,-25 : 22 ,-24 : 23 ,
decisionLevel: 23
after propa...
-0 : 1 ,-46 : 2 ,-45 : 3 ,-44 : 4 ,-43 : 5 ,-42 : 6 ,-41 : 7 ,-40 : 8 ,-39 : 9 ,-38 : 10 ,-37 : 11 ,+30 : 11 ,-36 : 12 ,-35 : 13 ,-34 : 14 ,-33 : 15 ,-32 : 16 ,-31 : 17 ,-29 : 18 ,-28 : 19 ,-27 : 20 ,-26 : 21 ,+11 : 21 ,-25 : 22 ,-24 : 23 ,
decisionLevel: 23


start searching...
 -0 : 1 ,-46 : 2 ,-45 : 3 ,-44 : 4 ,-43 : 5 ,-42 : 6 ,-41 : 7 ,-40 : 8 ,-39 : 9 ,-38 : 10 ,-37 : 11 ,+30 : 11 ,-36 : 12 ,-35 : 13 ,-34 : 14 ,-33 : 15 ,-32 : 16 ,-31 : 17 ,-29 : 18 ,-28 : 19 ,-27 : 20 ,-26 : 21 ,+11 : 21 ,-25 : 22 ,-24 : 23 ,-23 : 24 ,
decisionLevel: 24
after propa...
-0 : 1 ,-46 : 2 ,-45 : 3 ,-44 : 4 ,-43 : 5 ,-42 : 6 ,-41 : 7 ,-40 : 8 ,-39 : 9 ,-38 : 10 ,-37 : 11 ,+30 : 11 ,-36 : 12 ,-35 : 13 ,-34 : 14 ,-33 : 15 ,-32 : 16 ,-31 : 17 ,-29 : 18 ,-28 : 19 ,-27 : 20 ,-26 : 21 ,+11 : 21 ,-25 : 22 ,-24 : 23 ,-23 : 24 ,
decisionLevel: 24


start searching...
 -0 : 1 ,-46 : 2 ,-45 : 3 ,-44 : 4 ,-43 : 5 ,-42 : 6 ,-41 : 7 ,-40 : 8 ,-39 : 9 ,-38 : 10 ,-37 : 11 ,+30 : 11 ,-36 : 12 ,-35 : 13 ,-34 : 14 ,-33 : 15 ,-32 : 16 ,-31 : 17 ,-29 : 18 ,-28 : 19 ,-27 : 20 ,-26 : 21 ,+11 : 21 ,-25 : 22 ,-24 : 23 ,-23 : 24 ,-22 : 25 ,
decisionLevel: 25
after propa...
-0 : 1 ,-46 : 2 ,-45 : 3 ,-44 : 4 ,-43 : 5 ,-42 : 6 ,-41 : 7 ,-40 : 8 ,-39 : 9 ,-38 : 10 ,-37 : 11 ,+30 : 11 ,-36 : 12 ,-35 : 13 ,-34 : 14 ,-33 : 15 ,-32 : 16 ,-31 : 17 ,-29 : 18 ,-28 : 19 ,-27 : 20 ,-26 : 21 ,+11 : 21 ,-25 : 22 ,-24 : 23 ,-23 : 24 ,-22 : 25 ,
decisionLevel: 25


start searching...
 -0 : 1 ,-46 : 2 ,-45 : 3 ,-44 : 4 ,-43 : 5 ,-42 : 6 ,-41 : 7 ,-40 : 8 ,-39 : 9 ,-38 : 10 ,-37 : 11 ,+30 : 11 ,-36 : 12 ,-35 : 13 ,-34 : 14 ,-33 : 15 ,-32 : 16 ,-31 : 17 ,-29 : 18 ,-28 : 19 ,-27 : 20 ,-26 : 21 ,+11 : 21 ,-25 : 22 ,-24 : 23 ,-23 : 24 ,-22 : 25 ,-21 : 26 ,
decisionLevel: 26
after propa...
-0 : 1 ,-46 : 2 ,-45 : 3 ,-44 : 4 ,-43 : 5 ,-42 : 6 ,-41 : 7 ,-40 : 8 ,-39 : 9 ,-38 : 10 ,-37 : 11 ,+30 : 11 ,-36 : 12 ,-35 : 13 ,-34 : 14 ,-33 : 15 ,-32 : 16 ,-31 : 17 ,-29 : 18 ,-28 : 19 ,-27 : 20 ,-26 : 21 ,+11 : 21 ,-25 : 22 ,-24 : 23 ,-23 : 24 ,-22 : 25 ,-21 : 26 ,-16 : 26 ,+15 : 26 ,-20 : 26 ,-12 : 26 ,-17 : 26 ,
decisionLevel: 26


start searching...
 -0 : 1 ,-46 : 2 ,-45 : 3 ,-44 : 4 ,-43 : 5 ,-42 : 6 ,-41 : 7 ,-40 : 8 ,-39 : 9 ,-38 : 10 ,-37 : 11 ,+30 : 11 ,-36 : 12 ,-35 : 13 ,-34 : 14 ,-33 : 15 ,-32 : 16 ,-31 : 17 ,-29 : 18 ,-28 : 19 ,-27 : 20 ,-26 : 21 ,+11 : 21 ,-25 : 22 ,-24 : 23 ,-23 : 24 ,-22 : 25 ,-21 : 26 ,-16 : 26 ,+15 : 26 ,-20 : 26 ,-12 : 26 ,-17 : 26 ,-19 : 27 ,
decisionLevel: 27
after propa...
-0 : 1 ,-46 : 2 ,-45 : 3 ,-44 : 4 ,-43 : 5 ,-42 : 6 ,-41 : 7 ,-40 : 8 ,-39 : 9 ,-38 : 10 ,-37 : 11 ,+30 : 11 ,-36 : 12 ,-35 : 13 ,-34 : 14 ,-33 : 15 ,-32 : 16 ,-31 : 17 ,-29 : 18 ,-28 : 19 ,-27 : 20 ,-26 : 21 ,+11 : 21 ,-25 : 22 ,-24 : 23 ,-23 : 24 ,-22 : 25 ,-21 : 26 ,-16 : 26 ,+15 : 26 ,-20 : 26 ,-12 : 26 ,-17 : 26 ,-19 : 27 ,
decisionLevel: 27


start searching...
 -0 : 1 ,-46 : 2 ,-45 : 3 ,-44 : 4 ,-43 : 5 ,-42 : 6 ,-41 : 7 ,-40 : 8 ,-39 : 9 ,-38 : 10 ,-37 : 11 ,+30 : 11 ,-36 : 12 ,-35 : 13 ,-34 : 14 ,-33 : 15 ,-32 : 16 ,-31 : 17 ,-29 : 18 ,-28 : 19 ,-27 : 20 ,-26 : 21 ,+11 : 21 ,-25 : 22 ,-24 : 23 ,-23 : 24 ,-22 : 25 ,-21 : 26 ,-16 : 26 ,+15 : 26 ,-20 : 26 ,-12 : 26 ,-17 : 26 ,-19 : 27 ,-18 : 28 ,
decisionLevel: 28
after propa...
-0 : 1 ,-46 : 2 ,-45 : 3 ,-44 : 4 ,-43 : 5 ,-42 : 6 ,-41 : 7 ,-40 : 8 ,-39 : 9 ,-38 : 10 ,-37 : 11 ,+30 : 11 ,-36 : 12 ,-35 : 13 ,-34 : 14 ,-33 : 15 ,-32 : 16 ,-31 : 17 ,-29 : 18 ,-28 : 19 ,-27 : 20 ,-26 : 21 ,+11 : 21 ,-25 : 22 ,-24 : 23 ,-23 : 24 ,-22 : 25 ,-21 : 26 ,-16 : 26 ,+15 : 26 ,-20 : 26 ,-12 : 26 ,-17 : 26 ,-19 : 27 ,-18 : 28 ,
decisionLevel: 28


start searching...
 -0 : 1 ,-46 : 2 ,-45 : 3 ,-44 : 4 ,-43 : 5 ,-42 : 6 ,-41 : 7 ,-40 : 8 ,-39 : 9 ,-38 : 10 ,-37 : 11 ,+30 : 11 ,-36 : 12 ,-35 : 13 ,-34 : 14 ,-33 : 15 ,-32 : 16 ,-31 : 17 ,-29 : 18 ,-28 : 19 ,-27 : 20 ,-26 : 21 ,+11 : 21 ,-25 : 22 ,-24 : 23 ,-23 : 24 ,-22 : 25 ,-21 : 26 ,-16 : 26 ,+15 : 26 ,-20 : 26 ,-12 : 26 ,-17 : 26 ,-19 : 27 ,-18 : 28 ,-14 : 29 ,
decisionLevel: 29
after propa...
-0 : 1 ,-46 : 2 ,-45 : 3 ,-44 : 4 ,-43 : 5 ,-42 : 6 ,-41 : 7 ,-40 : 8 ,-39 : 9 ,-38 : 10 ,-37 : 11 ,+30 : 11 ,-36 : 12 ,-35 : 13 ,-34 : 14 ,-33 : 15 ,-32 : 16 ,-31 : 17 ,-29 : 18 ,-28 : 19 ,-27 : 20 ,-26 : 21 ,+11 : 21 ,-25 : 22 ,-24 : 23 ,-23 : 24 ,-22 : 25 ,-21 : 26 ,-16 : 26 ,+15 : 26 ,-20 : 26 ,-12 : 26 ,-17 : 26 ,-19 : 27 ,-18 : 28 ,-14 : 29 ,
decisionLevel: 29


start searching...
 -0 : 1 ,-46 : 2 ,-45 : 3 ,-44 : 4 ,-43 : 5 ,-42 : 6 ,-41 : 7 ,-40 : 8 ,-39 : 9 ,-38 : 10 ,-37 : 11 ,+30 : 11 ,-36 : 12 ,-35 : 13 ,-34 : 14 ,-33 : 15 ,-32 : 16 ,-31 : 17 ,-29 : 18 ,-28 : 19 ,-27 : 20 ,-26 : 21 ,+11 : 21 ,-25 : 22 ,-24 : 23 ,-23 : 24 ,-22 : 25 ,-21 : 26 ,-16 : 26 ,+15 : 26 ,-20 : 26 ,-12 : 26 ,-17 : 26 ,-19 : 27 ,-18 : 28 ,-14 : 29 ,-13 : 30 ,
decisionLevel: 30
after propa...
-0 : 1 ,-46 : 2 ,-45 : 3 ,-44 : 4 ,-43 : 5 ,-42 : 6 ,-41 : 7 ,-40 : 8 ,-39 : 9 ,-38 : 10 ,-37 : 11 ,+30 : 11 ,-36 : 12 ,-35 : 13 ,-34 : 14 ,-33 : 15 ,-32 : 16 ,-31 : 17 ,-29 : 18 ,-28 : 19 ,-27 : 20 ,-26 : 21 ,+11 : 21 ,-25 : 22 ,-24 : 23 ,-23 : 24 ,-22 : 25 ,-21 : 26 ,-16 : 26 ,+15 : 26 ,-20 : 26 ,-12 : 26 ,-17 : 26 ,-19 : 27 ,-18 : 28 ,-14 : 29 ,-13 : 30 ,
decisionLevel: 30


start searching...
 -0 : 1 ,-46 : 2 ,-45 : 3 ,-44 : 4 ,-43 : 5 ,-42 : 6 ,-41 : 7 ,-40 : 8 ,-39 : 9 ,-38 : 10 ,-37 : 11 ,+30 : 11 ,-36 : 12 ,-35 : 13 ,-34 : 14 ,-33 : 15 ,-32 : 16 ,-31 : 17 ,-29 : 18 ,-28 : 19 ,-27 : 20 ,-26 : 21 ,+11 : 21 ,-25 : 22 ,-24 : 23 ,-23 : 24 ,-22 : 25 ,-21 : 26 ,-16 : 26 ,+15 : 26 ,-20 : 26 ,-12 : 26 ,-17 : 26 ,-19 : 27 ,-18 : 28 ,-14 : 29 ,-13 : 30 ,-10 : 31 ,
decisionLevel: 31
after propa...
-0 : 1 ,-46 : 2 ,-45 : 3 ,-44 : 4 ,-43 : 5 ,-42 : 6 ,-41 : 7 ,-40 : 8 ,-39 : 9 ,-38 : 10 ,-37 : 11 ,+30 : 11 ,-36 : 12 ,-35 : 13 ,-34 : 14 ,-33 : 15 ,-32 : 16 ,-31 : 17 ,-29 : 18 ,-28 : 19 ,-27 : 20 ,-26 : 21 ,+11 : 21 ,-25 : 22 ,-24 : 23 ,-23 : 24 ,-22 : 25 ,-21 : 26 ,-16 : 26 ,+15 : 26 ,-20 : 26 ,-12 : 26 ,-17 : 26 ,-19 : 27 ,-18 : 28 ,-14 : 29 ,-13 : 30 ,-10 : 31 ,
decisionLevel: 31


start searching...
 -0 : 1 ,-46 : 2 ,-45 : 3 ,-44 : 4 ,-43 : 5 ,-42 : 6 ,-41 : 7 ,-40 : 8 ,-39 : 9 ,-38 : 10 ,-37 : 11 ,+30 : 11 ,-36 : 12 ,-35 : 13 ,-34 : 14 ,-33 : 15 ,-32 : 16 ,-31 : 17 ,-29 : 18 ,-28 : 19 ,-27 : 20 ,-26 : 21 ,+11 : 21 ,-25 : 22 ,-24 : 23 ,-23 : 24 ,-22 : 25 ,-21 : 26 ,-16 : 26 ,+15 : 26 ,-20 : 26 ,-12 : 26 ,-17 : 26 ,-19 : 27 ,-18 : 28 ,-14 : 29 ,-13 : 30 ,-10 : 31 ,-9 : 32 ,
decisionLevel: 32
after propa...
-0 : 1 ,-46 : 2 ,-45 : 3 ,-44 : 4 ,-43 : 5 ,-42 : 6 ,-41 : 7 ,-40 : 8 ,-39 : 9 ,-38 : 10 ,-37 : 11 ,+30 : 11 ,-36 : 12 ,-35 : 13 ,-34 : 14 ,-33 : 15 ,-32 : 16 ,-31 : 17 ,-29 : 18 ,-28 : 19 ,-27 : 20 ,-26 : 21 ,+11 : 21 ,-25 : 22 ,-24 : 23 ,-23 : 24 ,-22 : 25 ,-21 : 26 ,-16 : 26 ,+15 : 26 ,-20 : 26 ,-12 : 26 ,-17 : 26 ,-19 : 27 ,-18 : 28 ,-14 : 29 ,-13 : 30 ,-10 : 31 ,-9 : 32 ,
decisionLevel: 32


start searching...
 -0 : 1 ,-46 : 2 ,-45 : 3 ,-44 : 4 ,-43 : 5 ,-42 : 6 ,-41 : 7 ,-40 : 8 ,-39 : 9 ,-38 : 10 ,-37 : 11 ,+30 : 11 ,-36 : 12 ,-35 : 13 ,-34 : 14 ,-33 : 15 ,-32 : 16 ,-31 : 17 ,-29 : 18 ,-28 : 19 ,-27 : 20 ,-26 : 21 ,+11 : 21 ,-25 : 22 ,-24 : 23 ,-23 : 24 ,-22 : 25 ,-21 : 26 ,-16 : 26 ,+15 : 26 ,-20 : 26 ,-12 : 26 ,-17 : 26 ,-19 : 27 ,-18 : 28 ,-14 : 29 ,-13 : 30 ,-10 : 31 ,-9 : 32 ,-8 : 33 ,
decisionLevel: 33
after propa...
-0 : 1 ,-46 : 2 ,-45 : 3 ,-44 : 4 ,-43 : 5 ,-42 : 6 ,-41 : 7 ,-40 : 8 ,-39 : 9 ,-38 : 10 ,-37 : 11 ,+30 : 11 ,-36 : 12 ,-35 : 13 ,-34 : 14 ,-33 : 15 ,-32 : 16 ,-31 : 17 ,-29 : 18 ,-28 : 19 ,-27 : 20 ,-26 : 21 ,+11 : 21 ,-25 : 22 ,-24 : 23 ,-23 : 24 ,-22 : 25 ,-21 : 26 ,-16 : 26 ,+15 : 26 ,-20 : 26 ,-12 : 26 ,-17 : 26 ,-19 : 27 ,-18 : 28 ,-14 : 29 ,-13 : 30 ,-10 : 31 ,-9 : 32 ,-8 : 33 ,
decisionLevel: 33


start searching...
 -0 : 1 ,-46 : 2 ,-45 : 3 ,-44 : 4 ,-43 : 5 ,-42 : 6 ,-41 : 7 ,-40 : 8 ,-39 : 9 ,-38 : 10 ,-37 : 11 ,+30 : 11 ,-36 : 12 ,-35 : 13 ,-34 : 14 ,-33 : 15 ,-32 : 16 ,-31 : 17 ,-29 : 18 ,-28 : 19 ,-27 : 20 ,-26 : 21 ,+11 : 21 ,-25 : 22 ,-24 : 23 ,-23 : 24 ,-22 : 25 ,-21 : 26 ,-16 : 26 ,+15 : 26 ,-20 : 26 ,-12 : 26 ,-17 : 26 ,-19 : 27 ,-18 : 28 ,-14 : 29 ,-13 : 30 ,-10 : 31 ,-9 : 32 ,-8 : 33 ,-7 : 34 ,
decisionLevel: 34
after propa...
-0 : 1 ,-46 : 2 ,-45 : 3 ,-44 : 4 ,-43 : 5 ,-42 : 6 ,-41 : 7 ,-40 : 8 ,-39 : 9 ,-38 : 10 ,-37 : 11 ,+30 : 11 ,-36 : 12 ,-35 : 13 ,-34 : 14 ,-33 : 15 ,-32 : 16 ,-31 : 17 ,-29 : 18 ,-28 : 19 ,-27 : 20 ,-26 : 21 ,+11 : 21 ,-25 : 22 ,-24 : 23 ,-23 : 24 ,-22 : 25 ,-21 : 26 ,-16 : 26 ,+15 : 26 ,-20 : 26 ,-12 : 26 ,-17 : 26 ,-19 : 27 ,-18 : 28 ,-14 : 29 ,-13 : 30 ,-10 : 31 ,-9 : 32 ,-8 : 33 ,-7 : 34 ,
decisionLevel: 34


start searching...
 -0 : 1 ,-46 : 2 ,-45 : 3 ,-44 : 4 ,-43 : 5 ,-42 : 6 ,-41 : 7 ,-40 : 8 ,-39 : 9 ,-38 : 10 ,-37 : 11 ,+30 : 11 ,-36 : 12 ,-35 : 13 ,-34 : 14 ,-33 : 15 ,-32 : 16 ,-31 : 17 ,-29 : 18 ,-28 : 19 ,-27 : 20 ,-26 : 21 ,+11 : 21 ,-25 : 22 ,-24 : 23 ,-23 : 24 ,-22 : 25 ,-21 : 26 ,-16 : 26 ,+15 : 26 ,-20 : 26 ,-12 : 26 ,-17 : 26 ,-19 : 27 ,-18 : 28 ,-14 : 29 ,-13 : 30 ,-10 : 31 ,-9 : 32 ,-8 : 33 ,-7 : 34 ,-6 : 35 ,
decisionLevel: 35
after propa...
-0 : 1 ,-46 : 2 ,-45 : 3 ,-44 : 4 ,-43 : 5 ,-42 : 6 ,-41 : 7 ,-40 : 8 ,-39 : 9 ,-38 : 10 ,-37 : 11 ,+30 : 11 ,-36 : 12 ,-35 : 13 ,-34 : 14 ,-33 : 15 ,-32 : 16 ,-31 : 17 ,-29 : 18 ,-28 : 19 ,-27 : 20 ,-26 : 21 ,+11 : 21 ,-25 : 22 ,-24 : 23 ,-23 : 24 ,-22 : 25 ,-21 : 26 ,-16 : 26 ,+15 : 26 ,-20 : 26 ,-12 : 26 ,-17 : 26 ,-19 : 27 ,-18 : 28 ,-14 : 29 ,-13 : 30 ,-10 : 31 ,-9 : 32 ,-8 : 33 ,-7 : 34 ,-6 : 35 ,
decisionLevel: 35


start searching...
 -0 : 1 ,-46 : 2 ,-45 : 3 ,-44 : 4 ,-43 : 5 ,-42 : 6 ,-41 : 7 ,-40 : 8 ,-39 : 9 ,-38 : 10 ,-37 : 11 ,+30 : 11 ,-36 : 12 ,-35 : 13 ,-34 : 14 ,-33 : 15 ,-32 : 16 ,-31 : 17 ,-29 : 18 ,-28 : 19 ,-27 : 20 ,-26 : 21 ,+11 : 21 ,-25 : 22 ,-24 : 23 ,-23 : 24 ,-22 : 25 ,-21 : 26 ,-16 : 26 ,+15 : 26 ,-20 : 26 ,-12 : 26 ,-17 : 26 ,-19 : 27 ,-18 : 28 ,-14 : 29 ,-13 : 30 ,-10 : 31 ,-9 : 32 ,-8 : 33 ,-7 : 34 ,-6 : 35 ,-5 : 36 ,
decisionLevel: 36
after propa...
-0 : 1 ,-46 : 2 ,-45 : 3 ,-44 : 4 ,-43 : 5 ,-42 : 6 ,-41 : 7 ,-40 : 8 ,-39 : 9 ,-38 : 10 ,-37 : 11 ,+30 : 11 ,-36 : 12 ,-35 : 13 ,-34 : 14 ,-33 : 15 ,-32 : 16 ,-31 : 17 ,-29 : 18 ,-28 : 19 ,-27 : 20 ,-26 : 21 ,+11 : 21 ,-25 : 22 ,-24 : 23 ,-23 : 24 ,-22 : 25 ,-21 : 26 ,-16 : 26 ,+15 : 26 ,-20 : 26 ,-12 : 26 ,-17 : 26 ,-19 : 27 ,-18 : 28 ,-14 : 29 ,-13 : 30 ,-10 : 31 ,-9 : 32 ,-8 : 33 ,-7 : 34 ,-6 : 35 ,-5 : 36 ,
decisionLevel: 36


start searching...
 -0 : 1 ,-46 : 2 ,-45 : 3 ,-44 : 4 ,-43 : 5 ,-42 : 6 ,-41 : 7 ,-40 : 8 ,-39 : 9 ,-38 : 10 ,-37 : 11 ,+30 : 11 ,-36 : 12 ,-35 : 13 ,-34 : 14 ,-33 : 15 ,-32 : 16 ,-31 : 17 ,-29 : 18 ,-28 : 19 ,-27 : 20 ,-26 : 21 ,+11 : 21 ,-25 : 22 ,-24 : 23 ,-23 : 24 ,-22 : 25 ,-21 : 26 ,-16 : 26 ,+15 : 26 ,-20 : 26 ,-12 : 26 ,-17 : 26 ,-19 : 27 ,-18 : 28 ,-14 : 29 ,-13 : 30 ,-10 : 31 ,-9 : 32 ,-8 : 33 ,-7 : 34 ,-6 : 35 ,-5 : 36 ,-4 : 37 ,
decisionLevel: 37
after propa...
-0 : 1 ,-46 : 2 ,-45 : 3 ,-44 : 4 ,-43 : 5 ,-42 : 6 ,-41 : 7 ,-40 : 8 ,-39 : 9 ,-38 : 10 ,-37 : 11 ,+30 : 11 ,-36 : 12 ,-35 : 13 ,-34 : 14 ,-33 : 15 ,-32 : 16 ,-31 : 17 ,-29 : 18 ,-28 : 19 ,-27 : 20 ,-26 : 21 ,+11 : 21 ,-25 : 22 ,-24 : 23 ,-23 : 24 ,-22 : 25 ,-21 : 26 ,-16 : 26 ,+15 : 26 ,-20 : 26 ,-12 : 26 ,-17 : 26 ,-19 : 27 ,-18 : 28 ,-14 : 29 ,-13 : 30 ,-10 : 31 ,-9 : 32 ,-8 : 33 ,-7 : 34 ,-6 : 35 ,-5 : 36 ,-4 : 37 ,
decisionLevel: 37


start searching...
 -0 : 1 ,-46 : 2 ,-45 : 3 ,-44 : 4 ,-43 : 5 ,-42 : 6 ,-41 : 7 ,-40 : 8 ,-39 : 9 ,-38 : 10 ,-37 : 11 ,+30 : 11 ,-36 : 12 ,-35 : 13 ,-34 : 14 ,-33 : 15 ,-32 : 16 ,-31 : 17 ,-29 : 18 ,-28 : 19 ,-27 : 20 ,-26 : 21 ,+11 : 21 ,-25 : 22 ,-24 : 23 ,-23 : 24 ,-22 : 25 ,-21 : 26 ,-16 : 26 ,+15 : 26 ,-20 : 26 ,-12 : 26 ,-17 : 26 ,-19 : 27 ,-18 : 28 ,-14 : 29 ,-13 : 30 ,-10 : 31 ,-9 : 32 ,-8 : 33 ,-7 : 34 ,-6 : 35 ,-5 : 36 ,-4 : 37 ,-3 : 38 ,
decisionLevel: 38
after propa...
-0 : 1 ,-46 : 2 ,-45 : 3 ,-44 : 4 ,-43 : 5 ,-42 : 6 ,-41 : 7 ,-40 : 8 ,-39 : 9 ,-38 : 10 ,-37 : 11 ,+30 : 11 ,-36 : 12 ,-35 : 13 ,-34 : 14 ,-33 : 15 ,-32 : 16 ,-31 : 17 ,-29 : 18 ,-28 : 19 ,-27 : 20 ,-26 : 21 ,+11 : 21 ,-25 : 22 ,-24 : 23 ,-23 : 24 ,-22 : 25 ,-21 : 26 ,-16 : 26 ,+15 : 26 ,-20 : 26 ,-12 : 26 ,-17 : 26 ,-19 : 27 ,-18 : 28 ,-14 : 29 ,-13 : 30 ,-10 : 31 ,-9 : 32 ,-8 : 33 ,-7 : 34 ,-6 : 35 ,-5 : 36 ,-4 : 37 ,-3 : 38 ,
decisionLevel: 38


start searching...
 -0 : 1 ,-46 : 2 ,-45 : 3 ,-44 : 4 ,-43 : 5 ,-42 : 6 ,-41 : 7 ,-40 : 8 ,-39 : 9 ,-38 : 10 ,-37 : 11 ,+30 : 11 ,-36 : 12 ,-35 : 13 ,-34 : 14 ,-33 : 15 ,-32 : 16 ,-31 : 17 ,-29 : 18 ,-28 : 19 ,-27 : 20 ,-26 : 21 ,+11 : 21 ,-25 : 22 ,-24 : 23 ,-23 : 24 ,-22 : 25 ,-21 : 26 ,-16 : 26 ,+15 : 26 ,-20 : 26 ,-12 : 26 ,-17 : 26 ,-19 : 27 ,-18 : 28 ,-14 : 29 ,-13 : 30 ,-10 : 31 ,-9 : 32 ,-8 : 33 ,-7 : 34 ,-6 : 35 ,-5 : 36 ,-4 : 37 ,-3 : 38 ,-2 : 39 ,
decisionLevel: 39
after propa...
-0 : 1 ,-46 : 2 ,-45 : 3 ,-44 : 4 ,-43 : 5 ,-42 : 6 ,-41 : 7 ,-40 : 8 ,-39 : 9 ,-38 : 10 ,-37 : 11 ,+30 : 11 ,-36 : 12 ,-35 : 13 ,-34 : 14 ,-33 : 15 ,-32 : 16 ,-31 : 17 ,-29 : 18 ,-28 : 19 ,-27 : 20 ,-26 : 21 ,+11 : 21 ,-25 : 22 ,-24 : 23 ,-23 : 24 ,-22 : 25 ,-21 : 26 ,-16 : 26 ,+15 : 26 ,-20 : 26 ,-12 : 26 ,-17 : 26 ,-19 : 27 ,-18 : 28 ,-14 : 29 ,-13 : 30 ,-10 : 31 ,-9 : 32 ,-8 : 33 ,-7 : 34 ,-6 : 35 ,-5 : 36 ,-4 : 37 ,-3 : 38 ,-2 : 39 ,
decisionLevel: 39


start searching...
 -0 : 1 ,-46 : 2 ,-45 : 3 ,-44 : 4 ,-43 : 5 ,-42 : 6 ,-41 : 7 ,-40 : 8 ,-39 : 9 ,-38 : 10 ,-37 : 11 ,+30 : 11 ,-36 : 12 ,-35 : 13 ,-34 : 14 ,-33 : 15 ,-32 : 16 ,-31 : 17 ,-29 : 18 ,-28 : 19 ,-27 : 20 ,-26 : 21 ,+11 : 21 ,-25 : 22 ,-24 : 23 ,-23 : 24 ,-22 : 25 ,-21 : 26 ,-16 : 26 ,+15 : 26 ,-20 : 26 ,-12 : 26 ,-17 : 26 ,-19 : 27 ,-18 : 28 ,-14 : 29 ,-13 : 30 ,-10 : 31 ,-9 : 32 ,-8 : 33 ,-7 : 34 ,-6 : 35 ,-5 : 36 ,-4 : 37 ,-3 : 38 ,-2 : 39 ,-1 : 40 ,
decisionLevel: 40
after propa...
-0 : 1 ,-46 : 2 ,-45 : 3 ,-44 : 4 ,-43 : 5 ,-42 : 6 ,-41 : 7 ,-40 : 8 ,-39 : 9 ,-38 : 10 ,-37 : 11 ,+30 : 11 ,-36 : 12 ,-35 : 13 ,-34 : 14 ,-33 : 15 ,-32 : 16 ,-31 : 17 ,-29 : 18 ,-28 : 19 ,-27 : 20 ,-26 : 21 ,+11 : 21 ,-25 : 22 ,-24 : 23 ,-23 : 24 ,-22 : 25 ,-21 : 26 ,-16 : 26 ,+15 : 26 ,-20 : 26 ,-12 : 26 ,-17 : 26 ,-19 : 27 ,-18 : 28 ,-14 : 29 ,-13 : 30 ,-10 : 31 ,-9 : 32 ,-8 : 33 ,-7 : 34 ,-6 : 35 ,-5 : 36 ,-4 : 37 ,-3 : 38 ,-2 : 39 ,-1 : 40 ,
decisionLevel: 40

 end assign is:0 : 1 ,-46 : 2 ,-45 : 3 ,-44 : 4 ,-43 : 5 ,-42 : 6 ,-41 : 7 ,-40 : 8 ,-39 : 9 ,-38 : 10 ,-37 : 11 ,30 : 11 ,-36 : 12 ,-35 : 13 ,-34 : 14 ,-33 : 15 ,-32 : 16 ,-31 : 17 ,-29 : 18 ,-28 : 19 ,-27 : 20 ,-26 : 21 ,11 : 21 ,-25 : 22 ,-24 : 23 ,-23 : 24 ,-22 : 25 ,-21 : 26 ,-16 : 26 ,15 : 26 ,-20 : 26 ,-12 : 26 ,-17 : 26 ,-19 : 27 ,-18 : 28 ,-14 : 29 ,-13 : 30 ,-10 : 31 ,-9 : 32 ,-8 : 33 ,-7 : 34 ,-6 : 35 ,-5 : 36 ,-4 : 37 ,-3 : 38 ,-2 : 39 ,-1 : 40 ,
now file is /Users/lulu/Documents/bigsat/bigsat/minisat/data/sat/3.cnf

start searching...
 -0 : 1 ,-46 : 2 ,-45 : 3 ,-44 : 4 ,-43 : 5 ,-42 : 6 ,-41 : 7 ,-40 : 8 ,-39 : 9 ,-38 : 10 ,-37 : 11 ,+30 : 11 ,-36 : 12 ,-35 : 13 ,-34 : 14 ,-33 : 15 ,-32 : 16 ,-31 : 17 ,-29 : 18 ,-28 : 19 ,-27 : 20 ,-26 : 21 ,+11 : 21 ,-25 : 22 ,-24 : 23 ,-23 : 24 ,-22 : 25 ,-21 : 26 ,-16 : 26 ,+15 : 26 ,-20 : 26 ,-12 : 26 ,-17 : 26 ,-19 : 27 ,-18 : 28 ,-14 : 29 ,-13 : 30 ,-10 : 31 ,-9 : 32 ,-8 : 33 ,-7 : 34 ,-6 : 35 ,-5 : 36 ,-4 : 37 ,-3 : 38 ,-2 : 39 ,-1 : 40 ,
decisionLevel: 40
after propa...
20(lit) : 10(var)  0(lit) : 0(var)  56(lit) : 28(var)  
62(lit) : 31(var)  64(lit) : 32(var)  72(lit) : 36(var)  
-0 : 1 ,-46 : 2 ,-45 : 3 ,-44 : 4 ,-43 : 5 ,-42 : 6 ,-41 : 7 ,-40 : 8 ,-39 : 9 ,-38 : 10 ,-37 : 11 ,+30 : 11 ,-36 : 12 ,-35 : 13 ,-34 : 14 ,-33 : 15 ,-32 : 16 ,-31 : 17 ,-29 : 18 ,-28 : 19 ,-27 : 20 ,-26 : 21 ,+11 : 21 ,-25 : 22 ,-24 : 23 ,-23 : 24 ,-22 : 25 ,-21 : 26 ,-16 : 26 ,+15 : 26 ,-20 : 26 ,-12 : 26 ,-17 : 26 ,-19 : 27 ,-18 : 28 ,-14 : 29 ,-13 : 30 ,-10 : 31 ,-9 : 32 ,-8 : 33 ,-7 : 34 ,-6 : 35 ,-5 : 36 ,-4 : 37 ,-3 : 38 ,-2 : 39 ,-1 : 40 ,
decisionLevel: 40


 begin multi analyze: 
0(var): 1(level),-46(var): 2(level),-45(var): 3(level),-44(var): 4(level),-43(var): 5(level),-42(var): 6(level),-41(var): 7(level),-40(var): 8(level),-39(var): 9(level),-38(var): 10(level),-37(var): 11(level),30(var): 11(level),-36(var): 12(level),-35(var): 13(level),-34(var): 14(level),-33(var): 15(level),-32(var): 16(level),-31(var): 17(level),-29(var): 18(level),-28(var): 19(level),-27(var): 20(level),-26(var): 21(level),11(var): 21(level),-25(var): 22(level),-24(var): 23(level),-23(var): 24(level),-22(var): 25(level),-21(var): 26(level),-16(var): 26(level),15(var): 26(level),-20(var): 26(level),-12(var): 26(level),-17(var): 26(level),-19(var): 27(level),-18(var): 28(level),-14(var): 29(level),-13(var): 30(level),-10(var): 31(level),-9(var): 32(level),-8(var): 33(level),-7(var): 34(level),-6(var): 35(level),-5(var): 36(level),-4(var): 37(level),-3(var): 38(level),-2(var): 39(level),-1(var): 40(level),
 begin 0 analyze: 
max_var:10, max_index:47, max_level:31
max_var:-1, max_index:47, max_level:-1073739780
var(10):lit(20) var(0):lit(0) var(28):lit(56) no
out_learnt[1] : var: 0 : level: 1 || out_learnt[2] : var: 28 : level: 19 || out_learnt[0] : var: 0 : level: 1 || 